\BOOKMARK [1][-]{section.0.1}{Pr\351sentation globale de l'id\351e}{}% 1
\BOOKMARK [2][-]{subsection.0.1.1}{D\351finition d'un drone}{section.0.1}% 2
\BOOKMARK [2][-]{subsection.0.1.2}{Mod\351lisation}{section.0.1}% 3
\BOOKMARK [2][-]{subsection.0.1.3}{Comportement des drones}{section.0.1}% 4
\BOOKMARK [2][-]{subsection.0.1.4}{Objectif}{section.0.1}% 5
\BOOKMARK [1][-]{section.0.2}{Impl\351mentation}{}% 6
\BOOKMARK [2][-]{subsection.0.2.1}{Architecture JADE}{section.0.2}% 7
\BOOKMARK [2][-]{subsection.0.2.2}{La classe +Drone+}{section.0.2}% 8
\BOOKMARK [3][-]{subsubsection.0.2.2.1}{Description}{subsection.0.2.2}% 9
\BOOKMARK [3][-]{subsubsection.0.2.2.2}{Attributs}{subsection.0.2.2}% 10
\BOOKMARK [3][-]{subsubsection.0.2.2.3}{Behaviours}{subsection.0.2.2}% 11
\BOOKMARK [2][-]{subsection.0.2.3}{La classe +Display+}{section.0.2}% 12
\BOOKMARK [3][-]{subsubsection.0.2.3.1}{Description}{subsection.0.2.3}% 13
\BOOKMARK [3][-]{subsubsection.0.2.3.2}{Attributs}{subsection.0.2.3}% 14
\BOOKMARK [3][-]{subsubsection.0.2.3.3}{Behaviours}{subsection.0.2.3}% 15
\BOOKMARK [2][-]{subsection.0.2.4}{La classe +Object+}{section.0.2}% 16
\BOOKMARK [3][-]{subsubsection.0.2.4.1}{Description}{subsection.0.2.4}% 17
\BOOKMARK [3][-]{subsubsection.0.2.4.2}{Attributs}{subsection.0.2.4}% 18
\BOOKMARK [3][-]{subsubsection.0.2.4.3}{Behaviours}{subsection.0.2.4}% 19
\BOOKMARK [1][-]{section.0.3}{Communication des drones}{}% 20
\BOOKMARK [2][-]{subsection.0.3.1}{D\351placement sans flotte}{section.0.3}% 21
\BOOKMARK [2][-]{subsection.0.3.2}{Crash contre un objet}{section.0.3}% 22
\BOOKMARK [2][-]{subsection.0.3.3}{Croisement d'un drone seul}{section.0.3}% 23
\BOOKMARK [2][-]{subsection.0.3.4}{Croisement d'un drone ayant une flotte}{section.0.3}% 24
\BOOKMARK [2][-]{subsection.0.3.5}{Int\351gration d'un drone dans une flotte}{section.0.3}% 25
\BOOKMARK [2][-]{subsection.0.3.6}{Fusion de deux flottes}{section.0.3}% 26
\BOOKMARK [2][-]{subsection.0.3.7}{Destruction d'un \351l\351ment de la flotte}{section.0.3}% 27
